FH75Demo/app/build/intermediates/manifest_merge_blame_file/debug/manifest-merger-blame-debug-report.txt
1<?xml version="1.0" encoding="utf-8"?>
2<manifest xmlns:android="http://schemas.android.com/apk/res/android"
3    package="com.vanch.vhxdemo"
4    android:versionCode="18"
5    android:versionName="1.0.18" >
6
7    <uses-sdk
7-->src/main/AndroidManifest.xml:8:5-10:41
8        android:minSdkVersion="23"
8-->src/main/AndroidManifest.xml:9:9-34
9        android:targetSdkVersion="31" />
9-->src/main/AndroidManifest.xml:10:9-38
10
11    <uses-permission android:name="android.permission.BLUETOOTH" />
11-->src/main/AndroidManifest.xml:12:5-68
11-->src/main/AndroidManifest.xml:12:22-65
12    <uses-permission android:name="android.permission.BLUETOOTH_ADMIN" />
12-->src/main/AndroidManifest.xml:13:5-74
12-->src/main/AndroidManifest.xml:13:22-71
13    <uses-permission android:name="android.permission.BLUETOOTH_SCAN" />
13-->src/main/AndroidManifest.xml:15:5-73
13-->src/main/AndroidManifest.xml:15:22-70
14    <uses-permission android:name="android.permission.BLUETOOTH_ADVERTISE" />
14-->src/main/AndroidManifest.xml:16:5-78
14-->src/main/AndroidManifest.xml:16:22-75
15    <uses-permission android:name="android.permission.BLUETOOTH_CONNECT" />
15-->src/main/AndroidManifest.xml:17:5-76
15-->src/main/AndroidManifest.xml:17:22-73
16    <uses-permission android:name="android.permission.ACCESS_FINE_LOCATION" />
16-->src/main/AndroidManifest.xml:18:5-79
16-->src/main/AndroidManifest.xml:18:22-76
17
18    <uses-feature
18-->src/main/AndroidManifest.xml:19:5-87
19        android:name="android.hardware.bluetooth"
19-->src/main/AndroidManifest.xml:19:19-60
20        android:required="false" />
20-->src/main/AndroidManifest.xml:19:61-85
21    <uses-feature
21-->src/main/AndroidManifest.xml:20:5-90
22        android:name="android.hardware.bluetooth_le"
22-->src/main/AndroidManifest.xml:20:19-63
23        android:required="false" />
23-->src/main/AndroidManifest.xml:20:64-88
24
25    <supports-screens
25-->src/main/AndroidManifest.xml:22:5-24:37
26        android:anyDensity="true"
26-->src/main/AndroidManifest.xml:23:9-34
27        android:resizeable="true" />
27-->src/main/AndroidManifest.xml:24:9-34
28
29    <uses-permission android:name="android.permission.VIBRATE" />
29-->src/main/AndroidManifest.xml:26:5-66
29-->src/main/AndroidManifest.xml:26:22-63
30    <uses-permission android:name="android.permission.READ_PROFILE" />
30-->src/main/AndroidManifest.xml:27:5-71
30-->src/main/AndroidManifest.xml:27:22-68
31    <uses-permission android:name="android.permission.ACCESS_NETWORK_STATE" />
31-->src/main/AndroidManifest.xml:28:5-79
31-->src/main/AndroidManifest.xml:28:22-76
32    <uses-permission android:name="android.permission.INTERNET" />
32-->src/main/AndroidManifest.xml:29:5-67
32-->src/main/AndroidManifest.xml:29:22-64
33    <uses-permission android:name="android.permission.READ_EXTERNAL_STORAGE" />
33-->src/main/AndroidManifest.xml:30:5-80
33-->src/main/AndroidManifest.xml:30:22-77
34    <uses-permission android:name="android.permission.RESTART_PACKAGES" />
34-->src/main/AndroidManifest.xml:31:5-75
34-->src/main/AndroidManifest.xml:31:22-72
35    <uses-permission android:name="android.permission.WRITE_EXTERNAL_STORAGE" />
35-->src/main/AndroidManifest.xml:32:5-81
35-->src/main/AndroidManifest.xml:32:22-78
36    <uses-permission android:name="android.permission.MOUNT_UNMOUNT_FILESYSTEMS" />
36-->src/main/AndroidManifest.xml:33:5-34:47
36-->src/main/AndroidManifest.xml:33:22-81
37
38    <application
38-->src/main/AndroidManifest.xml:36:5-56:19
39        android:allowBackup="true"
39-->src/main/AndroidManifest.xml:37:9-35
40        android:appComponentFactory="androidx.core.app.CoreComponentFactory"
40-->[androidx.core:core:1.0.0] AndroidManifest.xml:22:18-86
41        android:debuggable="true"
42        android:extractNativeLibs="false"
43        android:icon="@drawable/ic_launcher"
43-->src/main/AndroidManifest.xml:38:9-45
44        android:label="@string/app_name"
44-->src/main/AndroidManifest.xml:39:9-41
45        android:testOnly="true"
46        android:theme="@style/AppTheme" >
46-->src/main/AndroidManifest.xml:40:9-40
47        <activity
47-->src/main/AndroidManifest.xml:41:9-50:20
48            android:name="com.vanch.vhxdemo.MainActivity"
48-->src/main/AndroidManifest.xml:42:13-58
49            android:exported="true"
49-->src/main/AndroidManifest.xml:43:13-36
50            android:label="@string/app_name" >
50-->src/main/AndroidManifest.xml:44:13-45
51            <intent-filter>
51-->src/main/AndroidManifest.xml:45:13-49:29
52                <action android:name="android.intent.action.MAIN" />
52-->src/main/AndroidManifest.xml:46:17-69
52-->src/main/AndroidManifest.xml:46:25-66
53
54                <category android:name="android.intent.category.LAUNCHER" />
54-->src/main/AndroidManifest.xml:48:17-77
54-->src/main/AndroidManifest.xml:48:27-74
55            </intent-filter>
56        </activity>
57        <activity
57-->src/main/AndroidManifest.xml:51:9-55:20
58            android:name="com.vanch.vhxdemo.ConfigPreference"
58-->src/main/AndroidManifest.xml:52:13-62
59            android:exported="true"
59-->src/main/AndroidManifest.xml:53:13-36
60            android:label="@string/title_activity_config_freference" >
60-->src/main/AndroidManifest.xml:54:13-69
61        </activity>
62    </application>
63
64</manifest>